mode: set
enricofoltran/simple-go-server/gocCz.go:9.14,16.20 3 0
enricofoltran/simple-go-server/gocCz.go:16.20,18.3 1 0
enricofoltran/simple-go-server/gocCz.go:18.8,21.3 1 0
enricofoltran/simple-go-server/gocCz.go:24.2,24.20 1 0
enricofoltran/simple-go-server/gocCz.go:24.20,28.3 3 0
enricofoltran/simple-go-server/gocCz.go:28.8,34.3 4 0
enricofoltran/simple-go-server/gocCz.go:36.2,36.20 1 0
enricofoltran/simple-go-server/gocCz.go:36.20,41.3 4 0
enricofoltran/simple-go-server/gocCz.go:41.8,47.3 4 0
enricofoltran/simple-go-server/gocHtml.go:10.13,13.16 2 0
enricofoltran/simple-go-server/gocHtml.go:13.16,15.3 1 0µ
enricofoltran/simple-go-server/gocHtml.go:18.2,24.16 5 0
enricofoltran/simple-go-server/gocHtml.go:24.16,26.3 1 0
enricofoltran/simple-go-server/gocHtml.go:28.2,28.62 1 0
enricofoltran/simple-go-server/gocTest.go:11.14,14.16 2 0
enricofoltran/simple-go-server/gocTest.go:14.16,17.3 2 0
enricofoltran/simple-go-server/gocTest.go:18.2,24.16 5 0
enricofoltran/simple-go-server/gocTest.go:24.16,27.3 2 0
enricofoltran/simple-go-server/gocTest.go:30.2,31.16 2 0
enricofoltran/simple-go-server/gocTest.go:31.16,34.3 2 0
enricofoltran/simple-go-server/gocTest.go:37.2,38.16 2 0
enricofoltran/simple-go-server/gocTest.go:38.16,41.3 2 0
enricofoltran/simple-go-server/gocTest.go:44.2,45.16 2 0
enricofoltran/simple-go-server/gocTest.go:45.16,48.3 2 0
enricofoltran/simple-go-server/gocTest.go:50.2,50.47 1 0
enricofoltran/simple-go-server/gocTest.go:53.41,56.16 3 0
enricofoltran/simple-go-server/gocTest.go:56.16,58.3 1 0
enricofoltran/simple-go-server/gocTest.go:59.2,60.20 2 0
enricofoltran/simple-go-server/gocTest.go:63.55,67.16 3 0
enricofoltran/simple-go-server/gocTest.go:67.16,69.3 1 0
enricofoltran/simple-go-server/gocTest.go:70.2,70.12 1 0
enricofoltran/simple-go-server/gocTest.go:73.69,77.16 3 0
enricofoltran/simple-go-server/gocTest.go:77.16,79.3 1 0
enricofoltran/simple-go-server/gocTest.go:80.2,82.16 3 0
enricofoltran/simple-go-server/gocTest.go:82.16,84.3 1 0
enricofoltran/simple-go-server/gocTest.go:89.2,89.12 1 0
enricofoltran/simple-go-server/gocTest.go:92.50,97.34 2 0
enricofoltran/simple-go-server/gocTest.go:97.34,99.3 1 0
enricofoltran/simple-go-server/gocTest.go:102.2,106.34 3 0
enricofoltran/simple-go-server/gocTest.go:106.34,107.48 1 0
enricofoltran/simple-go-server/gocTest.go:107.48,109.4 1 0
enricofoltran/simple-go-server/gocTest.go:109.9,111.4 1 0
enricofoltran/simple-go-server/gocTest.go:115.2,116.63 2 0
enricofoltran/simple-go-server/gocTest.go:119.14,126.2 3 0
enricofoltran/simple-go-server/main.go:31.14,55.20 15 0
enricofoltran/simple-go-server/main.go:55.20,57.3 1 0
enricofoltran/simple-go-server/main.go:57.8,60.3 1 0
enricofoltran/simple-go-server/main.go:63.2,63.20 1 0
enricofoltran/simple-go-server/main.go:63.20,67.3 3 0
enricofoltran/simple-go-server/main.go:67.8,73.3 4 0
enricofoltran/simple-go-server/main.go:75.2,75.20 1 0
enricofoltran/simple-go-server/main.go:75.20,80.3 4 0
enricofoltran/simple-go-server/main.go:80.8,86.3 4 0
enricofoltran/simple-go-server/main.go:88.2,88.33 1 0
enricofoltran/simple-go-server/main.go:88.33,90.3 1 0
enricofoltran/simple-go-server/main.go:92.2,105.12 5 0
enricofoltran/simple-go-server/main.go:105.12,114.46 7 0
enricofoltran/simple-go-server/main.go:114.46,116.4 1 0
enricofoltran/simple-go-server/main.go:117.3,117.14 1 0
enricofoltran/simple-go-server/main.go:120.2,122.79 3 0
enricofoltran/simple-go-server/main.go:122.79,124.3 1 0
enricofoltran/simple-go-server/main.go:126.2,127.34 2 0
enricofoltran/simple-go-server/main.go:130.27,131.71 1 0
enricofoltran/simple-go-server/main.go:131.71,132.24 1 0
enricofoltran/simple-go-server/main.go:132.24,135.4 2 0
enricofoltran/simple-go-server/main.go:136.3,139.35 4 0
enricofoltran/simple-go-server/main.go:143.29,144.71 1 0
enricofoltran/simple-go-server/main.go:144.71,145.38 1 0
enricofoltran/simple-go-server/main.go:145.38,148.4 2 0
enricofoltran/simple-go-server/main.go:149.3,149.47 1 0
enricofoltran/simple-go-server/main.go:153.66,154.46 1 0
enricofoltran/simple-go-server/main.go:154.46,155.72 1 0
enricofoltran/simple-go-server/main.go:155.72,156.17 1 0
enricofoltran/simple-go-server/main.go:156.17,158.12 2 0
enricofoltran/simple-go-server/main.go:158.12,160.6 1 0
enricofoltran/simple-go-server/main.go:161.5,161.81 1 0
enricofoltran/simple-go-server/main.go:163.4,163.24 1 0
enricofoltran/simple-go-server/main.go:168.75,169.46 1 0
enricofoltran/simple-go-server/main.go:169.46,170.72 1 0
enricofoltran/simple-go-server/main.go:170.72,172.23 2 0
enricofoltran/simple-go-server/main.go:172.23,174.5 1 0
enricofoltran/simple-go-server/main.go:175.4,177.41 3 0
