<?xml version="1.0" encoding="UTF-8"?>
<!DOCTYPE coverage SYSTEM "http://cobertura.sourceforge.net/xml/coverage-04.dtd">
<coverage line-rate="0.20652173" branch-rate="0" lines-covered="38" lines-valid="184" branches-covered="0" branches-valid="0" complexity="0" version="" timestamp="1693970566965">
	<packages>
		<package name="enricofoltran/simple-go-server" line-rate="0.20652173" branch-rate="0" complexity="0" line-count="184" line-hits="38">
			<classes>
				<class name="-" filename="gocTest.go" line-rate="0" branch-rate="0" complexity="0" line-count="58" line-hits="0">
					<methods>
						<method name="main4" signature="" line-rate="0" branch-rate="0" complexity="0" line-count="0" line-hits="0">
							<lines>
								<line number="13" hits="0"></line>
								<line number="14" hits="0"></line>
								<line number="15" hits="0"></line>
								<line number="16" hits="0"></line>
								<line number="18" hits="0"></line>
								<line number="21" hits="0"></line>
								<line number="22" hits="0"></line>
								<line number="23" hits="0"></line>
								<line number="24" hits="0"></line>
								<line number="25" hits="0"></line>
								<line number="26" hits="0"></line>
								<line number="30" hits="0"></line>
								<line number="31" hits="0"></line>
								<line number="32" hits="0"></line>
								<line number="33" hits="0"></line>
								<line number="37" hits="0"></line>
								<line number="38" hits="0"></line>
								<line number="39" hits="0"></line>
								<line number="40" hits="0"></line>
								<line number="44" hits="0"></line>
								<line number="45" hits="0"></line>
								<line number="46" hits="0"></line>
								<line number="47" hits="0"></line>
								<line number="50" hits="0"></line>
							</lines>
						</method>
						<method name="getCurrentBranch" signature="" line-rate="0" branch-rate="0" complexity="0" line-count="0" line-hits="0">
							<lines>
								<line number="54" hits="0"></line>
								<line number="55" hits="0"></line>
								<line number="56" hits="0"></line>
								<line number="57" hits="0"></line>
								<line number="59" hits="0"></line>
								<line number="60" hits="0"></line>
							</lines>
						</method>
						<method name="runTestsAndGenerateCoverage" signature="" line-rate="0" branch-rate="0" complexity="0" line-count="0" line-hits="0">
							<lines>
								<line number="65" hits="0"></line>
								<line number="66" hits="0"></line>
								<line number="67" hits="0"></line>
								<line number="68" hits="0"></line>
								<line number="70" hits="0"></line>
							</lines>
						</method>
						<method name="compareCoverageFiles" signature="" line-rate="0" branch-rate="0" complexity="0" line-count="0" line-hits="0">
							<lines>
								<line number="75" hits="0"></line>
								<line number="76" hits="0"></line>
								<line number="77" hits="0"></line>
								<line number="78" hits="0"></line>
								<line number="80" hits="0"></line>
								<line number="81" hits="0"></line>
								<line number="82" hits="0"></line>
								<line number="83" hits="0"></line>
								<line number="89" hits="0"></line>
							</lines>
						</method>
						<method name="compareCoverage" signature="" line-rate="0" branch-rate="0" complexity="0" line-count="0" line-hits="0">
							<lines>
								<line number="94" hits="0"></line>
								<line number="97" hits="0"></line>
								<line number="98" hits="0"></line>
								<line number="102" hits="0"></line>
								<line number="103" hits="0"></line>
								<line number="106" hits="0"></line>
								<line number="107" hits="0"></line>
								<line number="108" hits="0"></line>
								<line number="110" hits="0"></line>
								<line number="115" hits="0"></line>
								<line number="116" hits="0"></line>
							</lines>
						</method>
						<method name="main3" signature="" line-rate="0" branch-rate="0" complexity="0" line-count="0" line-hits="0">
							<lines>
								<line number="121" hits="0"></line>
								<line number="122" hits="0"></line>
								<line number="125" hits="0"></line>
							</lines>
						</method>
					</methods>
					<lines>
						<line number="13" hits="0"></line>
						<line number="14" hits="0"></line>
						<line number="15" hits="0"></line>
						<line number="16" hits="0"></line>
						<line number="18" hits="0"></line>
						<line number="21" hits="0"></line>
						<line number="22" hits="0"></line>
						<line number="23" hits="0"></line>
						<line number="24" hits="0"></line>
						<line number="25" hits="0"></line>
						<line number="26" hits="0"></line>
						<line number="30" hits="0"></line>
						<line number="31" hits="0"></line>
						<line number="32" hits="0"></line>
						<line number="33" hits="0"></line>
						<line number="37" hits="0"></line>
						<line number="38" hits="0"></line>
						<line number="39" hits="0"></line>
						<line number="40" hits="0"></line>
						<line number="44" hits="0"></line>
						<line number="45" hits="0"></line>
						<line number="46" hits="0"></line>
						<line number="47" hits="0"></line>
						<line number="50" hits="0"></line>
						<line number="54" hits="0"></line>
						<line number="55" hits="0"></line>
						<line number="56" hits="0"></line>
						<line number="57" hits="0"></line>
						<line number="59" hits="0"></line>
						<line number="60" hits="0"></line>
						<line number="65" hits="0"></line>
						<line number="66" hits="0"></line>
						<line number="67" hits="0"></line>
						<line number="68" hits="0"></line>
						<line number="70" hits="0"></line>
						<line number="75" hits="0"></line>
						<line number="76" hits="0"></line>
						<line number="77" hits="0"></line>
						<line number="78" hits="0"></line>
						<line number="80" hits="0"></line>
						<line number="81" hits="0"></line>
						<line number="82" hits="0"></line>
						<line number="83" hits="0"></line>
						<line number="89" hits="0"></line>
						<line number="94" hits="0"></line>
						<line number="97" hits="0"></line>
						<line number="98" hits="0"></line>
						<line number="102" hits="0"></line>
						<line number="103" hits="0"></line>
						<line number="106" hits="0"></line>
						<line number="107" hits="0"></line>
						<line number="108" hits="0"></line>
						<line number="110" hits="0"></line>
						<line number="115" hits="0"></line>
						<line number="116" hits="0"></line>
						<line number="121" hits="0"></line>
						<line number="122" hits="0"></line>
						<line number="125" hits="0"></line>
					</lines>
				</class>
				<class name="-" filename="main.go" line-rate="0.40425533" branch-rate="0" complexity="0" line-count="94" line-hits="38">
					<methods>
						<method name="main" signature="" line-rate="0.6363636" branch-rate="0" complexity="0" line-count="0" line-hits="0">
							<lines>
								<line number="32" hits="1"></line>
								<line number="33" hits="1"></line>
								<line number="35" hits="1"></line>
								<line number="37" hits="1"></line>
								<line number="38" hits="1"></line>
								<line number="39" hits="1"></line>
								<line number="40" hits="1"></line>
								<line number="41" hits="1"></line>
								<line number="43" hits="1"></line>
								<line number="45" hits="1"></line>
								<line number="46" hits="1"></line>
								<line number="47" hits="1"></line>
								<line number="49" hits="1"></line>
								<line number="52" hits="1"></line>
								<line number="55" hits="1"></line>
								<line number="56" hits="1"></line>
								<line number="59" hits="0"></line>
								<line number="63" hits="1"></line>
								<line number="64" hits="0"></line>
								<line number="65" hits="0"></line>
								<line number="66" hits="0"></line>
								<line number="69" hits="1"></line>
								<line number="70" hits="1"></line>
								<line number="71" hits="1"></line>
								<line number="72" hits="1"></line>
								<line number="75" hits="1"></line>
								<line number="76" hits="1"></line>
								<line number="77" hits="1"></line>
								<line number="78" hits="1"></line>
								<line number="79" hits="1"></line>
								<line number="82" hits="0"></line>
								<line number="83" hits="0"></line>
								<line number="84" hits="0"></line>
								<line number="85" hits="0"></line>
								<line number="89" hits="0"></line>
								<line number="90" hits="0"></line>
								<line number="91" hits="0"></line>
								<line number="92" hits="1"></line>
								<line number="93" hits="1"></line>
								<line number="96" hits="1"></line>
								<line number="97" hits="1"></line>
								<line number="98" hits="1"></line>
								<line number="99" hits="1"></line>
								<line number="102" hits="1"></line>
								<line number="106" hits="1"></line>
								<line number="115" hits="0"></line>
								<line number="116" hits="0"></line>
								<line number="117" hits="0"></line>
								<line number="119" hits="1"></line>
								<line number="134" hits="0"></line>
								<line number="135" hits="0"></line>
								<line number="136" hits="0"></line>
								<line number="137" hits="0"></line>
								<line number="140" hits="0"></line>
								<line number="141" hits="0"></line>
							</lines>
						</method>
						<method name="@102:19" signature="" line-rate="0" branch-rate="0" complexity="0" line-count="0" line-hits="0">
							<lines>
								<line number="103" hits="0"></line>
							</lines>
						</method>
						<method name="@119:5" signature="" line-rate="0" branch-rate="0" complexity="0" line-count="0" line-hits="0">
							<lines>
								<line number="120" hits="0"></line>
								<line number="121" hits="0"></line>
								<line number="122" hits="0"></line>
								<line number="124" hits="0"></line>
								<line number="125" hits="0"></line>
								<line number="127" hits="0"></line>
								<line number="128" hits="0"></line>
								<line number="129" hits="0"></line>
								<line number="131" hits="0"></line>
							</lines>
						</method>
						<method name="index" signature="" line-rate="0" branch-rate="0" complexity="0" line-count="0" line-hits="0">
							<lines>
								<line number="145" hits="0"></line>
							</lines>
						</method>
						<method name="@145:26" signature="" line-rate="0" branch-rate="0" complexity="0" line-count="0" line-hits="0">
							<lines>
								<line number="146" hits="0"></line>
								<line number="147" hits="0"></line>
								<line number="148" hits="0"></line>
								<line number="150" hits="0"></line>
								<line number="151" hits="0"></line>
								<line number="152" hits="0"></line>
								<line number="153" hits="0"></line>
							</lines>
						</method>
						<method name="healthz" signature="" line-rate="0" branch-rate="0" complexity="0" line-count="0" line-hits="0">
							<lines>
								<line number="158" hits="0"></line>
							</lines>
						</method>
						<method name="@158:26" signature="" line-rate="0" branch-rate="0" complexity="0" line-count="0" line-hits="0">
							<lines>
								<line number="159" hits="0"></line>
								<line number="160" hits="0"></line>
								<line number="161" hits="0"></line>
								<line number="163" hits="0"></line>
							</lines>
						</method>
						<method name="logging" signature="" line-rate="1" branch-rate="0" complexity="0" line-count="0" line-hits="0">
							<lines>
								<line number="168" hits="1"></line>
							</lines>
						</method>
						<method name="@168:9" signature="" line-rate="1" branch-rate="0" complexity="0" line-count="0" line-hits="0">
							<lines>
								<line number="169" hits="1"></line>
							</lines>
						</method>
						<method name="@169:27" signature="" line-rate="0.5" branch-rate="0" complexity="0" line-count="0" line-hits="0">
							<lines>
								<line number="170" hits="1"></line>
								<line number="177" hits="0"></line>
							</lines>
						</method>
						<method name="@170:10" signature="" line-rate="0" branch-rate="0" complexity="0" line-count="0" line-hits="0">
							<lines>
								<line number="171" hits="0"></line>
								<line number="172" hits="0"></line>
								<line number="173" hits="0"></line>
								<line number="175" hits="0"></line>
							</lines>
						</method>
						<method name="tracing" signature="" line-rate="0" branch-rate="0" complexity="0" line-count="0" line-hits="0">
							<lines>
								<line number="183" hits="0"></line>
							</lines>
						</method>
						<method name="@183:9" signature="" line-rate="0" branch-rate="0" complexity="0" line-count="0" line-hits="0">
							<lines>
								<line number="184" hits="0"></line>
							</lines>
						</method>
						<method name="@184:27" signature="" line-rate="0" branch-rate="0" complexity="0" line-count="0" line-hits="0">
							<lines>
								<line number="185" hits="0"></line>
								<line number="186" hits="0"></line>
								<line number="187" hits="0"></line>
								<line number="189" hits="0"></line>
								<line number="190" hits="0"></line>
								<line number="191" hits="0"></line>
							</lines>
						</method>
					</methods>
					<lines>
						<line number="32" hits="1"></line>
						<line number="33" hits="1"></line>
						<line number="35" hits="1"></line>
						<line number="37" hits="1"></line>
						<line number="38" hits="1"></line>
						<line number="39" hits="1"></line>
						<line number="40" hits="1"></line>
						<line number="41" hits="1"></line>
						<line number="43" hits="1"></line>
						<line number="45" hits="1"></line>
						<line number="46" hits="1"></line>
						<line number="47" hits="1"></line>
						<line number="49" hits="1"></line>
						<line number="52" hits="1"></line>
						<line number="55" hits="1"></line>
						<line number="56" hits="1"></line>
						<line number="59" hits="0"></line>
						<line number="63" hits="1"></line>
						<line number="64" hits="0"></line>
						<line number="65" hits="0"></line>
						<line number="66" hits="0"></line>
						<line number="69" hits="1"></line>
						<line number="70" hits="1"></line>
						<line number="71" hits="1"></line>
						<line number="72" hits="1"></line>
						<line number="75" hits="1"></line>
						<line number="76" hits="1"></line>
						<line number="77" hits="1"></line>
						<line number="78" hits="1"></line>
						<line number="79" hits="1"></line>
						<line number="82" hits="0"></line>
						<line number="83" hits="0"></line>
						<line number="84" hits="0"></line>
						<line number="85" hits="0"></line>
						<line number="89" hits="0"></line>
						<line number="90" hits="0"></line>
						<line number="91" hits="0"></line>
						<line number="92" hits="1"></line>
						<line number="93" hits="1"></line>
						<line number="96" hits="1"></line>
						<line number="97" hits="1"></line>
						<line number="98" hits="1"></line>
						<line number="99" hits="1"></line>
						<line number="102" hits="1"></line>
						<line number="106" hits="1"></line>
						<line number="115" hits="0"></line>
						<line number="116" hits="0"></line>
						<line number="117" hits="0"></line>
						<line number="119" hits="1"></line>
						<line number="134" hits="0"></line>
						<line number="135" hits="0"></line>
						<line number="136" hits="0"></line>
						<line number="137" hits="0"></line>
						<line number="140" hits="0"></line>
						<line number="141" hits="0"></line>
						<line number="103" hits="0"></line>
						<line number="120" hits="0"></line>
						<line number="121" hits="0"></line>
						<line number="122" hits="0"></line>
						<line number="124" hits="0"></line>
						<line number="125" hits="0"></line>
						<line number="127" hits="0"></line>
						<line number="128" hits="0"></line>
						<line number="129" hits="0"></line>
						<line number="131" hits="0"></line>
						<line number="145" hits="0"></line>
						<line number="146" hits="0"></line>
						<line number="147" hits="0"></line>
						<line number="148" hits="0"></line>
						<line number="150" hits="0"></line>
						<line number="151" hits="0"></line>
						<line number="152" hits="0"></line>
						<line number="153" hits="0"></line>
						<line number="158" hits="0"></line>
						<line number="159" hits="0"></line>
						<line number="160" hits="0"></line>
						<line number="161" hits="0"></line>
						<line number="163" hits="0"></line>
						<line number="168" hits="1"></line>
						<line number="169" hits="1"></line>
						<line number="170" hits="1"></line>
						<line number="177" hits="0"></line>
						<line number="171" hits="0"></line>
						<line number="172" hits="0"></line>
						<line number="173" hits="0"></line>
						<line number="175" hits="0"></line>
						<line number="183" hits="0"></line>
						<line number="184" hits="0"></line>
						<line number="185" hits="0"></line>
						<line number="186" hits="0"></line>
						<line number="187" hits="0"></line>
						<line number="189" hits="0"></line>
						<line number="190" hits="0"></line>
						<line number="191" hits="0"></line>
					</lines>
				</class>
				<class name="-" filename="gocCz.go" line-rate="0" branch-rate="0" complexity="0" line-count="22" line-hits="0">
					<methods>
						<method name="main7" signature="" line-rate="0" branch-rate="0" complexity="0" line-count="0" line-hits="0">
							<lines>
								<line number="10" hits="0"></line>
								<line number="13" hits="0"></line>
								<line number="16" hits="0"></line>
								<line number="17" hits="0"></line>
								<line number="20" hits="0"></line>
								<line number="24" hits="0"></line>
								<line number="25" hits="0"></line>
								<line number="26" hits="0"></line>
								<line number="27" hits="0"></line>
								<line number="30" hits="0"></line>
								<line number="31" hits="0"></line>
								<line number="32" hits="0"></line>
								<line number="33" hits="0"></line>
								<line number="36" hits="0"></line>
								<line number="37" hits="0"></line>
								<line number="38" hits="0"></line>
								<line number="39" hits="0"></line>
								<line number="40" hits="0"></line>
								<line number="43" hits="0"></line>
								<line number="44" hits="0"></line>
								<line number="45" hits="0"></line>
								<line number="46" hits="0"></line>
							</lines>
						</method>
					</methods>
					<lines>
						<line number="10" hits="0"></line>
						<line number="13" hits="0"></line>
						<line number="16" hits="0"></line>
						<line number="17" hits="0"></line>
						<line number="20" hits="0"></line>
						<line number="24" hits="0"></line>
						<line number="25" hits="0"></line>
						<line number="26" hits="0"></line>
						<line number="27" hits="0"></line>
						<line number="30" hits="0"></line>
						<line number="31" hits="0"></line>
						<line number="32" hits="0"></line>
						<line number="33" hits="0"></line>
						<line number="36" hits="0"></line>
						<line number="37" hits="0"></line>
						<line number="38" hits="0"></line>
						<line number="39" hits="0"></line>
						<line number="40" hits="0"></line>
						<line number="43" hits="0"></line>
						<line number="44" hits="0"></line>
						<line number="45" hits="0"></line>
						<line number="46" hits="0"></line>
					</lines>
				</class>
				<class name="-" filename="gocHtml.go" line-rate="0" branch-rate="0" complexity="0" line-count="10" line-hits="0">
					<methods>
						<method name="main5" signature="" line-rate="0" branch-rate="0" complexity="0" line-count="0" line-hits="0">
							<lines>
								<line number="12" hits="0"></line>
								<line number="13" hits="0"></line>
								<line number="14" hits="0"></line>
								<line number="18" hits="0"></line>
								<line number="19" hits="0"></line>
								<line number="22" hits="0"></line>
								<line number="23" hits="0"></line>
								<line number="24" hits="0"></line>
								<line number="25" hits="0"></line>
								<line number="28" hits="0"></line>
							</lines>
						</method>
					</methods>
					<lines>
						<line number="12" hits="0"></line>
						<line number="13" hits="0"></line>
						<line number="14" hits="0"></line>
						<line number="18" hits="0"></line>
						<line number="19" hits="0"></line>
						<line number="22" hits="0"></line>
						<line number="23" hits="0"></line>
						<line number="24" hits="0"></line>
						<line number="25" hits="0"></line>
						<line number="28" hits="0"></line>
					</lines>
				</class>
			</classes>
		</package>
	</packages>
	<sources>
		<source>/Users/klook/GolandProjects/simple-go-server</source>
	</sources>
</coverage>
