mode: set
enricofoltran/simple-go-server/goc222.go:9.13,23.16 3 0
enricofoltran/simple-go-server/goc222.go:29.2,30.16 2 0
enricofoltran/simple-go-server/goc222.go:34.2,40.6 5 0
enricofoltran/simple-go-server/goc222.go:56.2,57.49 2 0
enricofoltran/simple-go-server/goc222.go:23.16,26.3 2 0
enricofoltran/simple-go-server/goc222.go:30.16,33.3 2 0
enricofoltran/simple-go-server/goc222.go:40.6,44.17 4 0
enricofoltran/simple-go-server/goc222.go:48.3,49.25 2 0
enricofoltran/simple-go-server/goc222.go:53.3,53.19 1 0
enricofoltran/simple-go-server/goc222.go:44.17,45.9 1 0
enricofoltran/simple-go-server/goc222.go:49.25,52.4 2 0
enricofoltran/simple-go-server/gocCz.go:9.14,16.20 3 0
enricofoltran/simple-go-server/gocCz.go:24.2,24.20 1 0
enricofoltran/simple-go-server/gocCz.go:36.2,36.20 1 0
enricofoltran/simple-go-server/gocCz.go:16.20,18.3 1 0
enricofoltran/simple-go-server/gocCz.go:18.8,21.3 1 0
enricofoltran/simple-go-server/gocCz.go:24.20,28.3 3 0
enricofoltran/simple-go-server/gocCz.go:28.8,34.3 4 0
enricofoltran/simple-go-server/gocCz.go:36.20,41.3 4 0
enricofoltran/simple-go-server/gocCz.go:41.8,47.3 4 0
enricofoltran/simple-go-server/gocHtml.go:10.14,13.16 2 0
enricofoltran/simple-go-server/gocHtml.go:18.2,24.16 5 0
enricofoltran/simple-go-server/gocHtml.go:28.2,28.62 1 0
enricofoltran/simple-go-server/gocHtml.go:13.16,15.3 1 0
enricofoltran/simple-go-server/gocHtml.go:24.16,26.3 1 0
enricofoltran/simple-go-server/gocTest.go:11.14,14.16 2 0
enricofoltran/simple-go-server/gocTest.go:18.2,24.16 5 0
enricofoltran/simple-go-server/gocTest.go:30.2,31.16 2 0
enricofoltran/simple-go-server/gocTest.go:37.2,38.16 2 0
enricofoltran/simple-go-server/gocTest.go:44.2,45.16 2 0
enricofoltran/simple-go-server/gocTest.go:50.2,50.47 1 0
enricofoltran/simple-go-server/gocTest.go:14.16,17.3 2 0
enricofoltran/simple-go-server/gocTest.go:24.16,27.3 2 0
enricofoltran/simple-go-server/gocTest.go:31.16,34.3 2 0
enricofoltran/simple-go-server/gocTest.go:38.16,41.3 2 0
enricofoltran/simple-go-server/gocTest.go:45.16,48.3 2 0
enricofoltran/simple-go-server/gocTest.go:53.41,56.16 3 0
enricofoltran/simple-go-server/gocTest.go:59.2,60.20 2 0
enricofoltran/simple-go-server/gocTest.go:56.16,58.3 1 0
enricofoltran/simple-go-server/gocTest.go:63.55,67.16 3 0
enricofoltran/simple-go-server/gocTest.go:70.2,70.12 1 0
enricofoltran/simple-go-server/gocTest.go:67.16,69.3 1 0
enricofoltran/simple-go-server/gocTest.go:73.69,77.16 3 0
enricofoltran/simple-go-server/gocTest.go:80.2,82.16 3 0
enricofoltran/simple-go-server/gocTest.go:89.2,89.12 1 0
enricofoltran/simple-go-server/gocTest.go:77.16,79.3 1 0
enricofoltran/simple-go-server/gocTest.go:82.16,84.3 1 0
enricofoltran/simple-go-server/gocTest.go:92.50,97.34 2 0
enricofoltran/simple-go-server/gocTest.go:102.2,106.34 3 0
enricofoltran/simple-go-server/gocTest.go:115.2,116.63 2 0
enricofoltran/simple-go-server/gocTest.go:97.34,99.3 1 0
enricofoltran/simple-go-server/gocTest.go:106.34,107.48 1 0
enricofoltran/simple-go-server/gocTest.go:107.48,109.4 1 0
enricofoltran/simple-go-server/gocTest.go:109.9,111.4 1 0
enricofoltran/simple-go-server/gocTest.go:119.14,126.2 3 0
enricofoltran/simple-go-server/main.go:31.14,55.20 15 0
enricofoltran/simple-go-server/main.go:63.2,63.20 1 0
enricofoltran/simple-go-server/main.go:71.2,71.20 1 0
enricofoltran/simple-go-server/main.go:79.2,79.20 1 0
enricofoltran/simple-go-server/main.go:87.2,87.20 1 0
enricofoltran/simple-go-server/main.go:94.2,94.33 1 0
enricofoltran/simple-go-server/main.go:98.2,111.12 5 0
enricofoltran/simple-go-server/main.go:126.2,128.79 3 0
enricofoltran/simple-go-server/main.go:132.2,133.34 2 0
enricofoltran/simple-go-server/main.go:55.20,57.3 1 0
enricofoltran/simple-go-server/main.go:57.8,60.3 1 0
enricofoltran/simple-go-server/main.go:63.20,65.3 1 0
enricofoltran/simple-go-server/main.go:65.8,68.3 1 0
enricofoltran/simple-go-server/main.go:71.20,73.3 1 0
enricofoltran/simple-go-server/main.go:73.8,76.3 1 0
enricofoltran/simple-go-server/main.go:79.20,81.3 1 0
enricofoltran/simple-go-server/main.go:81.8,84.3 1 0
enricofoltran/simple-go-server/main.go:87.20,89.3 1 0
enricofoltran/simple-go-server/main.go:89.8,92.3 1 0
enricofoltran/simple-go-server/main.go:94.33,96.3 1 0
enricofoltran/simple-go-server/main.go:111.12,120.46 7 0
enricofoltran/simple-go-server/main.go:123.3,123.14 1 0
enricofoltran/simple-go-server/main.go:120.46,122.4 1 0
enricofoltran/simple-go-server/main.go:128.79,130.3 1 0
enricofoltran/simple-go-server/main.go:136.27,137.71 1 0
enricofoltran/simple-go-server/main.go:137.71,138.24 1 0
enricofoltran/simple-go-server/main.go:142.3,145.35 4 0
enricofoltran/simple-go-server/main.go:138.24,141.4 2 0
enricofoltran/simple-go-server/main.go:149.29,150.71 1 0
enricofoltran/simple-go-server/main.go:150.71,151.38 1 0
enricofoltran/simple-go-server/main.go:155.3,155.47 1 0
enricofoltran/simple-go-server/main.go:151.38,154.4 2 0
enricofoltran/simple-go-server/main.go:159.66,160.46 1 0
enricofoltran/simple-go-server/main.go:160.46,161.72 1 0
enricofoltran/simple-go-server/main.go:161.72,162.17 1 0
enricofoltran/simple-go-server/main.go:169.4,169.24 1 0
enricofoltran/simple-go-server/main.go:162.17,164.12 2 0
enricofoltran/simple-go-server/main.go:167.5,167.81 1 0
enricofoltran/simple-go-server/main.go:164.12,166.6 1 0
enricofoltran/simple-go-server/main.go:174.75,175.46 1 0
enricofoltran/simple-go-server/main.go:175.46,176.72 1 0
enricofoltran/simple-go-server/main.go:176.72,178.23 2 0
enricofoltran/simple-go-server/main.go:181.4,183.41 3 0
enricofoltran/simple-go-server/main.go:178.23,180.5 1 0
